2014-10-10 15:05:48,041 DEBUG [main] JohnKuper [CarRequests.java:45] --- Client method 'findCarByName' was called
2014-10-10 15:05:48,170 DEBUG [main] JohnKuper [CarRequests.java:49] Found car by name Lada:
2014-10-10 15:05:48,182 DEBUG [main] JohnKuper [CarRequests.java:36] id = 4, car_mark = Lada, car_model = Granta, motorpower = 150, car_color = Синий
2014-10-10 15:05:48,182 DEBUG [main] JohnKuper [CarRequests.java:60] --- Client method 'createCar' was called
2014-10-10 15:05:48,241 DEBUG [main] JohnKuper [CarRequests.java:69] New car was successfully create
2014-10-10 15:05:48,242 DEBUG [main] JohnKuper [CarRequests.java:74] --- Client method 'findCarsByMotorPower' was called
2014-10-10 15:05:48,258 DEBUG [main] JohnKuper [CarRequests.java:79] Found car between 100 and 300 motor power: 
2014-10-10 15:05:48,259 DEBUG [main] JohnKuper [CarRequests.java:36] id = 2, car_mark = BMW, car_model = X3, motorpower = 250, car_color = Белый
2014-10-10 15:05:48,259 DEBUG [main] JohnKuper [CarRequests.java:36] id = 3, car_mark = Toyota, car_model = Corolla, motorpower = 300, car_color = Черный
2014-10-10 15:05:48,259 DEBUG [main] JohnKuper [CarRequests.java:36] id = 4, car_mark = Lada, car_model = Granta, motorpower = 150, car_color = Синий
2014-10-10 15:05:48,260 DEBUG [main] JohnKuper [CarRequests.java:86] --- Client method 'buyCar' was called
2014-10-10 15:05:48,379 DEBUG [main] JohnKuper [CarRequests.java:102] New sale was created
2014-10-10 15:05:48,379 DEBUG [main] JohnKuper [CarRequests.java:107] --- Client method 'findCarsBetweenPrices' was called
2014-10-10 15:05:48,431 DEBUG [main] JohnKuper [CarRequests.java:113] --- 4 cars between 500000 and 1000000 prices was found ---
2014-10-10 15:05:48,432 DEBUG [main] JohnKuper [CarRequests.java:120] --- Client method 'updateCar' was called
2014-10-10 15:05:48,478 DEBUG [main] JohnKuper [CarRequests.java:124] Information about car with ID = 2 was successfully updated
2014-10-10 15:05:48,479 DEBUG [main] JohnKuper [CustomerRequests.java:39] --- Client method 'createCustomer' was called
2014-10-10 15:05:48,494 DEBUG [main] JohnKuper [CustomerRequests.java:58] New customer was successfully create
2014-10-10 15:05:48,495 DEBUG [main] JohnKuper [MerchantRequests.java:24] --- Client method 'createMerchant' was called
2014-10-10 15:05:48,516 DEBUG [main] JohnKuper [MerchantRequests.java:33] New merchant was successfully create
2014-10-10 15:55:38,786 DEBUG [main] JohnKuper [CarRequests.java:58] --- Client method 'findCarByName' was called
2014-10-10 15:55:39,051 DEBUG [main] JohnKuper [CarRequests.java:62] Found car by name Lada:
2014-10-10 15:55:39,054 DEBUG [main] JohnKuper [CarRequests.java:36] id = 4, car_mark = Lada, car_model = Granta, motorpower = 150, car_color = Синий
2014-10-10 15:55:39,054 DEBUG [main] JohnKuper [CarRequests.java:73] --- Client method 'createCar' was called
2014-10-10 15:55:39,111 DEBUG [main] JohnKuper [CarRequests.java:82] New car was successfully create
2014-10-10 15:55:39,111 DEBUG [main] JohnKuper [CarRequests.java:87] --- Client method 'findCarsByMotorPower' was called
2014-10-10 15:55:39,127 DEBUG [main] JohnKuper [CarRequests.java:92] Found car between 100 and 300 motor power: 
2014-10-10 15:55:39,127 DEBUG [main] JohnKuper [CarRequests.java:36] id = 2, car_mark = BMW, car_model = X3, motorpower = 250, car_color = Белый
2014-10-10 15:55:39,128 DEBUG [main] JohnKuper [CarRequests.java:36] id = 3, car_mark = Toyota, car_model = Corolla, motorpower = 300, car_color = Черный
2014-10-10 15:55:39,128 DEBUG [main] JohnKuper [CarRequests.java:36] id = 4, car_mark = Lada, car_model = Granta, motorpower = 150, car_color = Синий
2014-10-10 15:55:39,128 DEBUG [main] JohnKuper [CarRequests.java:99] --- Client method 'buyCar' was called
2014-10-10 15:55:39,254 DEBUG [main] JohnKuper [CarRequests.java:116] New sale was created
2014-10-10 15:55:39,255 DEBUG [main] JohnKuper [CarRequests.java:121] --- Client method 'findCarsBetweenPrices' was called
2014-10-10 15:55:39,309 DEBUG [main] JohnKuper [CarRequests.java:127] --- 3 cars between 500000 and 1000000 prices was found ---
2014-10-10 15:55:39,310 DEBUG [main] JohnKuper [CarRequests.java:134] --- Client method 'updateCar' was called
2014-10-10 15:55:39,350 DEBUG [main] JohnKuper [CarRequests.java:138] Information about car with ID = 2 was successfully updated
2014-10-10 15:55:39,350 DEBUG [main] JohnKuper [CarRequests.java:143] --- Client method 'getAllCarsFromStore' was called
2014-10-10 15:55:39,370 DEBUG [main] JohnKuper [CarRequests.java:157] Found car in store:
2014-10-10 15:55:39,370 DEBUG [main] JohnKuper [CarRequests.java:50] id = 1, car_mark = Audi, car_model = R5, motorpower = 400, car_color = Красный
2014-10-10 15:55:39,370 DEBUG [main] JohnKuper [CarRequests.java:159]  amount = 2, price = 297459.00, testDrive = false
2014-10-10 15:55:39,371 DEBUG [main] JohnKuper [CarRequests.java:157] Found car in store:
2014-10-10 15:55:39,371 DEBUG [main] JohnKuper [CarRequests.java:50] id = 2, car_mark = BMW, car_model = X3, motorpower = 250, car_color = Белый
2014-10-10 15:55:39,371 DEBUG [main] JohnKuper [CarRequests.java:159]  amount = 7, price = 982927.00, testDrive = true
2014-10-10 15:55:39,371 DEBUG [main] JohnKuper [CarRequests.java:157] Found car in store:
2014-10-10 15:55:39,371 DEBUG [main] JohnKuper [CarRequests.java:50] id = 3, car_mark = Toyota, car_model = Corolla, motorpower = 300, car_color = Черный
2014-10-10 15:55:39,372 DEBUG [main] JohnKuper [CarRequests.java:159]  amount = 7, price = 602734.00, testDrive = true
2014-10-10 15:55:39,372 DEBUG [main] JohnKuper [CarRequests.java:157] Found car in store:
2014-10-10 15:55:39,372 DEBUG [main] JohnKuper [CarRequests.java:50] id = 4, car_mark = Lada, car_model = Granta, motorpower = 150, car_color = Синий
2014-10-10 15:55:39,372 DEBUG [main] JohnKuper [CarRequests.java:159]  amount = 2, price = 679716.00, testDrive = false
2014-10-10 15:55:39,372 DEBUG [main] JohnKuper [CarRequests.java:157] Found car in store:
2014-10-10 15:55:39,372 DEBUG [main] JohnKuper [CarRequests.java:50] id = 5, car_mark = Lamborghini, car_model = Diablo SV, motorpower = 900, car_color = Металлик
2014-10-10 15:55:39,373 DEBUG [main] JohnKuper [CarRequests.java:159]  amount = 1, price = 103404.00, testDrive = false
2014-10-10 15:55:39,374 DEBUG [main] JohnKuper [CustomerRequests.java:39] --- Client method 'createCustomer' was called
2014-10-10 15:55:39,400 DEBUG [main] JohnKuper [CustomerRequests.java:58] New customer was successfully create
2014-10-10 15:55:39,401 DEBUG [main] JohnKuper [MerchantRequests.java:24] --- Client method 'createMerchant' was called
2014-10-10 15:55:39,414 DEBUG [main] JohnKuper [MerchantRequests.java:33] New merchant was successfully create
2014-10-10 15:58:07,862 DEBUG [main] JohnKuper [CarRequests.java:58] --- Client method 'findCarByName' was called
2014-10-10 15:58:08,002 DEBUG [main] JohnKuper [CarRequests.java:62] Found car by name Lada:
2014-10-10 15:58:08,005 DEBUG [main] JohnKuper [CarRequests.java:36] id = 4, car_mark = Lada, car_model = Granta, motorpower = 150, car_color = Синий
2014-10-10 15:58:08,007 DEBUG [main] JohnKuper [CarRequests.java:73] --- Client method 'createCar' was called
2014-10-10 15:58:08,073 DEBUG [main] JohnKuper [CarRequests.java:82] New car was successfully create
2014-10-10 15:58:08,073 DEBUG [main] JohnKuper [CarRequests.java:87] --- Client method 'findCarsByMotorPower' was called
2014-10-10 15:58:08,089 DEBUG [main] JohnKuper [CarRequests.java:92] Found car between 100 and 300 motor power: 
2014-10-10 15:58:08,090 DEBUG [main] JohnKuper [CarRequests.java:36] id = 2, car_mark = BMW, car_model = X3, motorpower = 250, car_color = Белый
2014-10-10 15:58:08,090 DEBUG [main] JohnKuper [CarRequests.java:36] id = 3, car_mark = Toyota, car_model = Corolla, motorpower = 300, car_color = Черный
2014-10-10 15:58:08,090 DEBUG [main] JohnKuper [CarRequests.java:36] id = 4, car_mark = Lada, car_model = Granta, motorpower = 150, car_color = Синий
2014-10-10 15:58:08,090 DEBUG [main] JohnKuper [CarRequests.java:99] --- Client method 'buyCar' was called
2014-10-10 15:58:08,225 DEBUG [main] JohnKuper [CarRequests.java:116] New sale was created
2014-10-10 15:58:08,225 DEBUG [main] JohnKuper [CarRequests.java:121] --- Client method 'findCarsBetweenPrices' was called
2014-10-10 15:58:08,283 DEBUG [main] JohnKuper [CarRequests.java:127] --- 4 cars between 500000 and 1000000 prices was found ---
2014-10-10 15:58:08,283 DEBUG [main] JohnKuper [CarRequests.java:134] --- Client method 'updateCar' was called
2014-10-10 15:58:08,347 DEBUG [main] JohnKuper [CarRequests.java:138] Information about car with ID = 2 was successfully updated
2014-10-10 15:58:08,347 DEBUG [main] JohnKuper [CarRequests.java:143] --- Client method 'getAllCarsFromStore' was called
2014-10-10 15:58:08,367 DEBUG [main] JohnKuper [CarRequests.java:157] Found car in store:
2014-10-10 15:58:08,367 DEBUG [main] JohnKuper [CarRequests.java:50] id = 1, car_mark = Audi, car_model = R5, motorpower = 400, car_color = Красный
2014-10-10 15:58:08,367 DEBUG [main] JohnKuper [CarRequests.java:159] amount = 4, price = 811348.00, testDrive = false
2014-10-10 15:58:08,368 DEBUG [main] JohnKuper [CarRequests.java:157] Found car in store:
2014-10-10 15:58:08,368 DEBUG [main] JohnKuper [CarRequests.java:50] id = 2, car_mark = BMW, car_model = X3, motorpower = 250, car_color = Белый
2014-10-10 15:58:08,368 DEBUG [main] JohnKuper [CarRequests.java:159] amount = 8, price = 598834.00, testDrive = true
2014-10-10 15:58:08,368 DEBUG [main] JohnKuper [CarRequests.java:157] Found car in store:
2014-10-10 15:58:08,368 DEBUG [main] JohnKuper [CarRequests.java:50] id = 3, car_mark = Toyota, car_model = Corolla, motorpower = 300, car_color = Черный
2014-10-10 15:58:08,369 DEBUG [main] JohnKuper [CarRequests.java:159] amount = 2, price = 312.00, testDrive = true
2014-10-10 15:58:08,369 DEBUG [main] JohnKuper [CarRequests.java:157] Found car in store:
2014-10-10 15:58:08,369 DEBUG [main] JohnKuper [CarRequests.java:50] id = 4, car_mark = Lada, car_model = Granta, motorpower = 150, car_color = Синий
2014-10-10 15:58:08,369 DEBUG [main] JohnKuper [CarRequests.java:159] amount = 2, price = 856413.00, testDrive = false
2014-10-10 15:58:08,369 DEBUG [main] JohnKuper [CarRequests.java:157] Found car in store:
2014-10-10 15:58:08,369 DEBUG [main] JohnKuper [CarRequests.java:50] id = 5, car_mark = Lamborghini, car_model = Diablo SV, motorpower = 900, car_color = Металлик
2014-10-10 15:58:08,370 DEBUG [main] JohnKuper [CarRequests.java:159] amount = 10, price = 504628.00, testDrive = true
2014-10-10 15:58:08,371 DEBUG [main] JohnKuper [CustomerRequests.java:39] --- Client method 'createCustomer' was called
2014-10-10 15:58:08,387 DEBUG [main] JohnKuper [CustomerRequests.java:58] New customer was successfully create
2014-10-10 15:58:08,388 DEBUG [main] JohnKuper [MerchantRequests.java:24] --- Client method 'createMerchant' was called
2014-10-10 15:58:08,402 DEBUG [main] JohnKuper [MerchantRequests.java:33] New merchant was successfully create
2014-10-10 16:01:50,711 DEBUG [main] JohnKuper [CarRequests.java:58] --- Client method 'findCarByName' was called
2014-10-10 16:01:50,982 DEBUG [main] JohnKuper [CarRequests.java:62] Found car by name Lada:
2014-10-10 16:01:50,984 DEBUG [main] JohnKuper [CarRequests.java:36] id = 4, car_mark = Lada, car_model = Granta, motorpower = 150, car_color = Синий
2014-10-10 16:01:50,985 DEBUG [main] JohnKuper [CarRequests.java:134] --- Client method 'updateCar' was called
2014-10-10 16:01:51,053 DEBUG [main] JohnKuper [CarRequests.java:138] Information about car with ID = 2 was successfully updated
2014-10-10 16:01:51,054 DEBUG [main] JohnKuper [CarRequests.java:73] --- Client method 'createCar' was called
2014-10-10 16:01:51,092 DEBUG [main] JohnKuper [CarRequests.java:82] New car was successfully create
2014-10-10 16:01:51,092 DEBUG [main] JohnKuper [CarRequests.java:87] --- Client method 'findCarsByMotorPower' was called
2014-10-10 16:01:51,116 DEBUG [main] JohnKuper [CarRequests.java:92] Found car between 100 and 300 motor power: 
2014-10-10 16:01:51,117 DEBUG [main] JohnKuper [CarRequests.java:36] id = 2, car_mark = BMW, car_model = X3, motorpower = 250, car_color = Пурпурный
2014-10-10 16:01:51,117 DEBUG [main] JohnKuper [CarRequests.java:36] id = 3, car_mark = Toyota, car_model = Corolla, motorpower = 300, car_color = Черный
2014-10-10 16:01:51,117 DEBUG [main] JohnKuper [CarRequests.java:36] id = 4, car_mark = Lada, car_model = Granta, motorpower = 150, car_color = Синий
2014-10-10 16:01:51,118 DEBUG [main] JohnKuper [CarRequests.java:99] --- Client method 'buyCar' was called
2014-10-10 16:01:51,246 DEBUG [main] JohnKuper [CarRequests.java:116] New sale was created
2014-10-10 16:01:51,247 DEBUG [main] JohnKuper [CarRequests.java:121] --- Client method 'findCarsBetweenPrices' was called
2014-10-10 16:01:51,285 DEBUG [main] JohnKuper [CarRequests.java:127] --- 2 cars between 500000 and 1000000 prices was found ---
2014-10-10 16:01:51,285 DEBUG [main] JohnKuper [CarRequests.java:143] --- Client method 'getAllCarsFromStore' was called
2014-10-10 16:01:51,308 DEBUG [main] JohnKuper [CarRequests.java:157] Found car in store:
2014-10-10 16:01:51,309 DEBUG [main] JohnKuper [CarRequests.java:50] id = 1, car_mark = Audi, car_model = R5, motorpower = 400, car_color = Красный
2014-10-10 16:01:51,309 DEBUG [main] JohnKuper [CarRequests.java:159] amount = 7, price = 500567.00, testDrive = false
2014-10-10 16:01:51,309 DEBUG [main] JohnKuper [CarRequests.java:157] Found car in store:
2014-10-10 16:01:51,310 DEBUG [main] JohnKuper [CarRequests.java:50] id = 2, car_mark = BMW, car_model = X3, motorpower = 250, car_color = Пурпурный
2014-10-10 16:01:51,310 DEBUG [main] JohnKuper [CarRequests.java:159] amount = 6, price = 686403.00, testDrive = true
2014-10-10 16:01:51,311 DEBUG [main] JohnKuper [CarRequests.java:157] Found car in store:
2014-10-10 16:01:51,311 DEBUG [main] JohnKuper [CarRequests.java:50] id = 3, car_mark = Toyota, car_model = Corolla, motorpower = 300, car_color = Черный
2014-10-10 16:01:51,311 DEBUG [main] JohnKuper [CarRequests.java:159] amount = 4, price = 396940.00, testDrive = false
2014-10-10 16:01:51,311 DEBUG [main] JohnKuper [CarRequests.java:157] Found car in store:
2014-10-10 16:01:51,312 DEBUG [main] JohnKuper [CarRequests.java:50] id = 4, car_mark = Lada, car_model = Granta, motorpower = 150, car_color = Синий
2014-10-10 16:01:51,312 DEBUG [main] JohnKuper [CarRequests.java:159] amount = 6, price = 222317.00, testDrive = true
2014-10-10 16:01:51,312 DEBUG [main] JohnKuper [CarRequests.java:157] Found car in store:
2014-10-10 16:01:51,312 DEBUG [main] JohnKuper [CarRequests.java:50] id = 5, car_mark = Lamborghini, car_model = Diablo SV, motorpower = 900, car_color = Металлик
2014-10-10 16:01:51,312 DEBUG [main] JohnKuper [CarRequests.java:159] amount = 9, price = 67997.00, testDrive = true
2014-10-10 16:01:51,314 DEBUG [main] JohnKuper [CustomerRequests.java:39] --- Client method 'createCustomer' was called
2014-10-10 16:01:51,327 DEBUG [main] JohnKuper [CustomerRequests.java:58] New customer was successfully create
2014-10-10 16:01:51,328 DEBUG [main] JohnKuper [MerchantRequests.java:24] --- Client method 'createMerchant' was called
2014-10-10 16:01:51,363 DEBUG [main] JohnKuper [MerchantRequests.java:33] New merchant was successfully create
2014-10-10 16:08:39,908 DEBUG [main] JohnKuper [CarRequests.java:58] --- Client method 'findCarByName' was called
2014-10-10 16:08:39,935 DEBUG [main] JohnKuper [CarRequests.java:62] Found car by name Lada:
2014-10-10 16:08:39,937 DEBUG [main] JohnKuper [CarRequests.java:36] id = 4, car_mark = Lada, car_model = Granta, motorpower = 150, car_color = Синий
2014-10-10 16:08:39,937 DEBUG [main] JohnKuper [CarRequests.java:134] --- Client method 'updateCar' was called
2014-10-10 16:08:39,951 DEBUG [main] JohnKuper [CarRequests.java:138] Information about car with ID = 2 was successfully updated
2014-10-10 16:08:39,952 DEBUG [main] JohnKuper [CarRequests.java:87] --- Client method 'findCarsByMotorPower' was called
2014-10-10 16:08:39,959 DEBUG [main] JohnKuper [CarRequests.java:92] Found car between 100 and 300 motor power: 
2014-10-10 16:08:39,959 DEBUG [main] JohnKuper [CarRequests.java:36] id = 2, car_mark = BMW, car_model = X3, motorpower = 250, car_color = Пурпурный
2014-10-10 16:08:39,959 DEBUG [main] JohnKuper [CarRequests.java:36] id = 3, car_mark = Toyota, car_model = Corolla, motorpower = 300, car_color = Черный
2014-10-10 16:08:39,959 DEBUG [main] JohnKuper [CarRequests.java:36] id = 4, car_mark = Lada, car_model = Granta, motorpower = 150, car_color = Синий
2014-10-10 16:08:39,959 DEBUG [main] JohnKuper [CarRequests.java:99] --- Client method 'buyCar' was called
2014-10-10 16:08:39,992 DEBUG [main] JohnKuper [CarRequests.java:116] New sale was created
2014-10-10 16:08:39,992 DEBUG [main] JohnKuper [CarRequests.java:121] --- Client method 'findCarsBetweenPrices' was called
2014-10-10 16:08:40,000 DEBUG [main] JohnKuper [CarRequests.java:127] --- 2 cars between 500000 and 1000000 prices was found ---
2014-10-10 16:08:40,000 DEBUG [main] JohnKuper [CarRequests.java:143] --- Client method 'getAllCarsFromStore' was called
2014-10-10 16:08:40,010 DEBUG [main] JohnKuper [CarRequests.java:157] Found car in store:
2014-10-10 16:08:40,010 DEBUG [main] JohnKuper [CarRequests.java:50] id = 1, car_mark = Audi, car_model = R5, motorpower = 400, car_color = Красный
2014-10-10 16:08:40,011 DEBUG [main] JohnKuper [CarRequests.java:159] amount = 7, price = 500567.00, testDrive = false
2014-10-10 16:08:40,011 DEBUG [main] JohnKuper [CarRequests.java:157] Found car in store:
2014-10-10 16:08:40,011 DEBUG [main] JohnKuper [CarRequests.java:50] id = 2, car_mark = BMW, car_model = X3, motorpower = 250, car_color = Пурпурный
2014-10-10 16:08:40,011 DEBUG [main] JohnKuper [CarRequests.java:159] amount = 6, price = 686403.00, testDrive = true
2014-10-10 16:08:40,011 DEBUG [main] JohnKuper [CarRequests.java:157] Found car in store:
2014-10-10 16:08:40,012 DEBUG [main] JohnKuper [CarRequests.java:50] id = 3, car_mark = Toyota, car_model = Corolla, motorpower = 300, car_color = Черный
2014-10-10 16:08:40,012 DEBUG [main] JohnKuper [CarRequests.java:159] amount = 4, price = 396940.00, testDrive = false
2014-10-10 16:08:40,012 DEBUG [main] JohnKuper [CarRequests.java:157] Found car in store:
2014-10-10 16:08:40,012 DEBUG [main] JohnKuper [CarRequests.java:50] id = 4, car_mark = Lada, car_model = Granta, motorpower = 150, car_color = Синий
2014-10-10 16:08:40,012 DEBUG [main] JohnKuper [CarRequests.java:159] amount = 6, price = 222317.00, testDrive = true
2014-10-10 16:08:40,013 DEBUG [main] JohnKuper [CarRequests.java:157] Found car in store:
2014-10-10 16:08:40,013 DEBUG [main] JohnKuper [CarRequests.java:50] id = 5, car_mark = Lamborghini, car_model = Diablo SV, motorpower = 900, car_color = Металлик
2014-10-10 16:08:40,013 DEBUG [main] JohnKuper [CarRequests.java:159] amount = 9, price = 67997.00, testDrive = true
2014-10-10 16:08:49,832 DEBUG [main] JohnKuper [CarRequests.java:58] --- Client method 'findCarByName' was called
2014-10-10 16:08:49,858 DEBUG [main] JohnKuper [CarRequests.java:62] Found car by name Lada:
2014-10-10 16:08:49,860 DEBUG [main] JohnKuper [CarRequests.java:36] id = 4, car_mark = Lada, car_model = Granta, motorpower = 150, car_color = Синий
2014-10-10 16:08:49,860 DEBUG [main] JohnKuper [CarRequests.java:134] --- Client method 'updateCar' was called
2014-10-10 16:08:49,872 DEBUG [main] JohnKuper [CarRequests.java:138] Information about car with ID = 2 was successfully updated
2014-10-10 16:08:49,873 DEBUG [main] JohnKuper [CarRequests.java:87] --- Client method 'findCarsByMotorPower' was called
2014-10-10 16:08:49,880 DEBUG [main] JohnKuper [CarRequests.java:92] Found car between 100 and 300 motor power: 
2014-10-10 16:08:49,880 DEBUG [main] JohnKuper [CarRequests.java:36] id = 2, car_mark = BMW, car_model = X3, motorpower = 250, car_color = Пурпурный
2014-10-10 16:08:49,881 DEBUG [main] JohnKuper [CarRequests.java:36] id = 3, car_mark = Toyota, car_model = Corolla, motorpower = 300, car_color = Черный
2014-10-10 16:08:49,881 DEBUG [main] JohnKuper [CarRequests.java:36] id = 4, car_mark = Lada, car_model = Granta, motorpower = 150, car_color = Синий
2014-10-10 16:08:49,881 DEBUG [main] JohnKuper [CarRequests.java:99] --- Client method 'buyCar' was called
2014-10-10 16:08:49,910 DEBUG [main] JohnKuper [CarRequests.java:116] New sale was created
2014-10-10 16:08:49,910 DEBUG [main] JohnKuper [CarRequests.java:121] --- Client method 'findCarsBetweenPrices' was called
2014-10-10 16:08:49,917 DEBUG [main] JohnKuper [CarRequests.java:127] --- 2 cars between 500000 and 1000000 prices was found ---
2014-10-10 16:08:49,918 DEBUG [main] JohnKuper [CarRequests.java:143] --- Client method 'getAllCarsFromStore' was called
2014-10-10 16:08:49,928 DEBUG [main] JohnKuper [CarRequests.java:157] Found car in store:
2014-10-10 16:08:49,928 DEBUG [main] JohnKuper [CarRequests.java:50] id = 1, car_mark = Audi, car_model = R5, motorpower = 400, car_color = Красный
2014-10-10 16:08:49,928 DEBUG [main] JohnKuper [CarRequests.java:159] amount = 7, price = 500567.00, testDrive = false
2014-10-10 16:08:49,930 DEBUG [main] JohnKuper [CarRequests.java:157] Found car in store:
2014-10-10 16:08:49,930 DEBUG [main] JohnKuper [CarRequests.java:50] id = 2, car_mark = BMW, car_model = X3, motorpower = 250, car_color = Пурпурный
2014-10-10 16:08:49,930 DEBUG [main] JohnKuper [CarRequests.java:159] amount = 6, price = 686403.00, testDrive = true
2014-10-10 16:08:49,930 DEBUG [main] JohnKuper [CarRequests.java:157] Found car in store:
2014-10-10 16:08:49,931 DEBUG [main] JohnKuper [CarRequests.java:50] id = 3, car_mark = Toyota, car_model = Corolla, motorpower = 300, car_color = Черный
2014-10-10 16:08:49,931 DEBUG [main] JohnKuper [CarRequests.java:159] amount = 4, price = 396940.00, testDrive = false
2014-10-10 16:08:49,931 DEBUG [main] JohnKuper [CarRequests.java:157] Found car in store:
2014-10-10 16:08:49,931 DEBUG [main] JohnKuper [CarRequests.java:50] id = 4, car_mark = Lada, car_model = Granta, motorpower = 150, car_color = Синий
2014-10-10 16:08:49,932 DEBUG [main] JohnKuper [CarRequests.java:159] amount = 6, price = 222317.00, testDrive = true
2014-10-10 16:08:49,932 DEBUG [main] JohnKuper [CarRequests.java:157] Found car in store:
2014-10-10 16:08:49,932 DEBUG [main] JohnKuper [CarRequests.java:50] id = 5, car_mark = Lamborghini, car_model = Diablo SV, motorpower = 900, car_color = Металлик
2014-10-10 16:08:49,932 DEBUG [main] JohnKuper [CarRequests.java:159] amount = 9, price = 67997.00, testDrive = true
2014-10-10 16:10:15,129 DEBUG [main] JohnKuper [CarRequests.java:58] --- Client method 'findCarByName' was called
2014-10-10 16:10:15,250 DEBUG [main] JohnKuper [CarRequests.java:62] Found car by name Lada:
2014-10-10 16:10:15,253 DEBUG [main] JohnKuper [CarRequests.java:36] id = 4, car_mark = Lada, car_model = Granta, motorpower = 150, car_color = Синий
2014-10-10 16:10:15,253 DEBUG [main] JohnKuper [CarRequests.java:134] --- Client method 'updateCar' was called
2014-10-10 16:10:15,328 DEBUG [main] JohnKuper [CarRequests.java:138] Information about car with ID = 2 was successfully updated
2014-10-10 16:10:15,329 DEBUG [main] JohnKuper [CarRequests.java:87] --- Client method 'findCarsByMotorPower' was called
2014-10-10 16:10:15,351 DEBUG [main] JohnKuper [CarRequests.java:92] Found car between 100 and 300 motor power: 
2014-10-10 16:10:15,352 DEBUG [main] JohnKuper [CarRequests.java:36] id = 2, car_mark = BMW, car_model = X3, motorpower = 250, car_color = Пурпурный
2014-10-10 16:10:15,352 DEBUG [main] JohnKuper [CarRequests.java:36] id = 3, car_mark = Toyota, car_model = Corolla, motorpower = 300, car_color = Черный
2014-10-10 16:10:15,352 DEBUG [main] JohnKuper [CarRequests.java:36] id = 4, car_mark = Lada, car_model = Granta, motorpower = 150, car_color = Синий
2014-10-10 16:10:15,353 DEBUG [main] JohnKuper [CarRequests.java:99] --- Client method 'buyCar' was called
2014-10-10 16:10:15,493 DEBUG [main] JohnKuper [CarRequests.java:116] New sale was created
2014-10-10 16:10:15,494 DEBUG [main] JohnKuper [CarRequests.java:121] --- Client method 'findCarsBetweenPrices' was called
2014-10-10 16:10:15,537 DEBUG [main] JohnKuper [CarRequests.java:127] --- 2 cars between 500000 and 1000000 prices was found ---
2014-10-10 16:10:15,537 DEBUG [main] JohnKuper [CarRequests.java:143] --- Client method 'getAllCarsFromStore' was called
2014-10-10 16:10:15,564 DEBUG [main] JohnKuper [CarRequests.java:157] Found car in store:
2014-10-10 16:10:15,565 DEBUG [main] JohnKuper [CarRequests.java:50] id = 1, car_mark = Audi, car_model = R5, motorpower = 400, car_color = Красный
2014-10-10 16:10:15,565 DEBUG [main] JohnKuper [CarRequests.java:159] amount = 7, price = 500567.00, testDrive = false
2014-10-10 16:10:15,565 DEBUG [main] JohnKuper [CarRequests.java:157] Found car in store:
2014-10-10 16:10:15,565 DEBUG [main] JohnKuper [CarRequests.java:50] id = 2, car_mark = BMW, car_model = X3, motorpower = 250, car_color = Пурпурный
2014-10-10 16:10:15,566 DEBUG [main] JohnKuper [CarRequests.java:159] amount = 6, price = 686403.00, testDrive = true
2014-10-10 16:10:15,566 DEBUG [main] JohnKuper [CarRequests.java:157] Found car in store:
2014-10-10 16:10:15,566 DEBUG [main] JohnKuper [CarRequests.java:50] id = 3, car_mark = Toyota, car_model = Corolla, motorpower = 300, car_color = Черный
2014-10-10 16:10:15,566 DEBUG [main] JohnKuper [CarRequests.java:159] amount = 4, price = 396940.00, testDrive = false
2014-10-10 16:10:15,567 DEBUG [main] JohnKuper [CarRequests.java:157] Found car in store:
2014-10-10 16:10:15,567 DEBUG [main] JohnKuper [CarRequests.java:50] id = 4, car_mark = Lada, car_model = Granta, motorpower = 150, car_color = Синий
2014-10-10 16:10:15,567 DEBUG [main] JohnKuper [CarRequests.java:159] amount = 6, price = 222317.00, testDrive = true
2014-10-10 16:10:15,567 DEBUG [main] JohnKuper [CarRequests.java:157] Found car in store:
2014-10-10 16:10:15,567 DEBUG [main] JohnKuper [CarRequests.java:50] id = 5, car_mark = Lamborghini, car_model = Diablo SV, motorpower = 900, car_color = Металлик
2014-10-10 16:10:15,567 DEBUG [main] JohnKuper [CarRequests.java:159] amount = 9, price = 67997.00, testDrive = true
2014-10-10 16:12:52,909 DEBUG [main] JohnKuper [CarRequests.java:58] --- Client method 'findCarByName' was called
2014-10-10 16:12:53,044 DEBUG [main] JohnKuper [CarRequests.java:62] Found car by name Lada:
2014-10-10 16:12:53,046 DEBUG [main] JohnKuper [CarRequests.java:36] id = 4, car_mark = Lada, car_model = Granta, motorpower = 150, car_color = Синий
2014-10-10 16:12:53,047 DEBUG [main] JohnKuper [CarRequests.java:134] --- Client method 'updateCar' was called
2014-10-10 16:12:53,111 DEBUG [main] JohnKuper [CarRequests.java:138] Information about car with ID = 2 was successfully updated
2014-10-10 16:12:53,112 DEBUG [main] JohnKuper [CarRequests.java:87] --- Client method 'findCarsByMotorPower' was called
2014-10-10 16:12:53,132 DEBUG [main] JohnKuper [CarRequests.java:92] Found car between 100 and 300 motor power: 
2014-10-10 16:12:53,132 DEBUG [main] JohnKuper [CarRequests.java:36] id = 2, car_mark = BMW, car_model = X3, motorpower = 250, car_color = Пурпурный
2014-10-10 16:12:53,132 DEBUG [main] JohnKuper [CarRequests.java:36] id = 3, car_mark = Toyota, car_model = Corolla, motorpower = 300, car_color = Черный
2014-10-10 16:12:53,133 DEBUG [main] JohnKuper [CarRequests.java:36] id = 4, car_mark = Lada, car_model = Granta, motorpower = 150, car_color = Синий
2014-10-10 16:12:53,133 DEBUG [main] JohnKuper [CarRequests.java:99] --- Client method 'buyCar' was called
2014-10-10 16:12:53,306 DEBUG [main] JohnKuper [CarRequests.java:116] New sale was created
2014-10-10 16:12:53,307 DEBUG [main] JohnKuper [CarRequests.java:121] --- Client method 'findCarsBetweenPrices' was called
2014-10-10 16:12:53,344 DEBUG [main] JohnKuper [CarRequests.java:127] --- 4 cars between 500000 and 1000000 prices was found ---
2014-10-10 16:12:53,344 DEBUG [main] JohnKuper [CarRequests.java:143] --- Client method 'getAllCarsFromStore' was called
2014-10-10 16:12:53,365 DEBUG [main] JohnKuper [CarRequests.java:157] Found car in store:
2014-10-10 16:12:53,365 DEBUG [main] JohnKuper [CarRequests.java:50] id = 1, car_mark = Audi, car_model = R5, motorpower = 400, car_color = Красный
2014-10-10 16:12:53,366 DEBUG [main] JohnKuper [CarRequests.java:159] amount = 3, price = 636037.00, testDrive = true
2014-10-10 16:12:53,366 DEBUG [main] JohnKuper [CarRequests.java:157] Found car in store:
2014-10-10 16:12:53,366 DEBUG [main] JohnKuper [CarRequests.java:50] id = 2, car_mark = BMW, car_model = X3, motorpower = 250, car_color = Пурпурный
2014-10-10 16:12:53,366 DEBUG [main] JohnKuper [CarRequests.java:159] amount = 2, price = 768838.00, testDrive = false
2014-10-10 16:12:53,366 DEBUG [main] JohnKuper [CarRequests.java:157] Found car in store:
2014-10-10 16:12:53,367 DEBUG [main] JohnKuper [CarRequests.java:50] id = 3, car_mark = Toyota, car_model = Corolla, motorpower = 300, car_color = Черный
2014-10-10 16:12:53,367 DEBUG [main] JohnKuper [CarRequests.java:159] amount = 2, price = 333999.00, testDrive = false
2014-10-10 16:12:53,367 DEBUG [main] JohnKuper [CarRequests.java:157] Found car in store:
2014-10-10 16:12:53,367 DEBUG [main] JohnKuper [CarRequests.java:50] id = 4, car_mark = Lada, car_model = Granta, motorpower = 150, car_color = Синий
2014-10-10 16:12:53,367 DEBUG [main] JohnKuper [CarRequests.java:159] amount = 9, price = 961307.00, testDrive = false
2014-10-10 16:12:53,368 DEBUG [main] JohnKuper [CarRequests.java:157] Found car in store:
2014-10-10 16:12:53,368 DEBUG [main] JohnKuper [CarRequests.java:50] id = 5, car_mark = Lamborghini, car_model = Diablo SV, motorpower = 900, car_color = Металлик
2014-10-10 16:12:53,368 DEBUG [main] JohnKuper [CarRequests.java:159] amount = 7, price = 886577.00, testDrive = true
2014-10-10 16:12:53,369 DEBUG [main] JohnKuper [CustomerRequests.java:39] --- Client method 'createCustomer' was called
2014-10-10 16:12:53,384 DEBUG [main] JohnKuper [CustomerRequests.java:58] New customer was successfully create
2014-10-10 16:12:53,385 DEBUG [main] JohnKuper [MerchantRequests.java:24] --- Client method 'createMerchant' was called
2014-10-10 16:12:53,396 DEBUG [main] JohnKuper [MerchantRequests.java:33] New merchant was successfully create
2014-10-10 16:13:50,368 DEBUG [main] JohnKuper [CarRequests.java:58] --- Client method 'findCarByName' was called
2014-10-10 16:13:50,491 DEBUG [main] JohnKuper [CarRequests.java:62] Found car by name Lada:
2014-10-10 16:13:50,494 DEBUG [main] JohnKuper [CarRequests.java:36] id = 4, car_mark = Lada, car_model = Granta, motorpower = 150, car_color = Синий
2014-10-10 16:13:50,495 DEBUG [main] JohnKuper [CarRequests.java:134] --- Client method 'updateCar' was called
2014-10-10 16:13:50,606 DEBUG [main] JohnKuper [CarRequests.java:138] Information about car with ID = 2 was successfully updated
2014-10-10 16:13:50,606 DEBUG [main] JohnKuper [CarRequests.java:73] --- Client method 'createCar' was called
2014-10-10 16:13:50,642 DEBUG [main] JohnKuper [CarRequests.java:82] New car was successfully create
2014-10-10 16:13:50,642 DEBUG [main] JohnKuper [CarRequests.java:87] --- Client method 'findCarsByMotorPower' was called
2014-10-10 16:13:50,683 DEBUG [main] JohnKuper [CarRequests.java:92] Found car between 100 and 300 motor power: 
2014-10-10 16:13:50,683 DEBUG [main] JohnKuper [CarRequests.java:36] id = 2, car_mark = BMW, car_model = X3, motorpower = 250, car_color = Пурпурный
2014-10-10 16:13:50,683 DEBUG [main] JohnKuper [CarRequests.java:36] id = 3, car_mark = Toyota, car_model = Corolla, motorpower = 300, car_color = Черный
2014-10-10 16:13:50,684 DEBUG [main] JohnKuper [CarRequests.java:36] id = 4, car_mark = Lada, car_model = Granta, motorpower = 150, car_color = Синий
2014-10-10 16:13:50,684 DEBUG [main] JohnKuper [CarRequests.java:99] --- Client method 'buyCar' was called
2014-10-10 16:13:50,818 DEBUG [main] JohnKuper [CarRequests.java:116] New sale was created
2014-10-10 16:13:50,819 DEBUG [main] JohnKuper [CarRequests.java:121] --- Client method 'findCarsBetweenPrices' was called
2014-10-10 16:13:50,861 DEBUG [main] JohnKuper [CarRequests.java:127] --- 3 cars between 500000 and 1000000 prices was found ---
2014-10-10 16:13:50,862 DEBUG [main] JohnKuper [CarRequests.java:143] --- Client method 'getAllCarsFromStore' was called
2014-10-10 16:13:50,883 DEBUG [main] JohnKuper [CarRequests.java:157] Found car in store:
2014-10-10 16:13:50,884 DEBUG [main] JohnKuper [CarRequests.java:50] id = 1, car_mark = Audi, car_model = R5, motorpower = 400, car_color = Красный
2014-10-10 16:13:50,884 DEBUG [main] JohnKuper [CarRequests.java:159] amount = 3, price = 967004.00, testDrive = false
2014-10-10 16:13:50,885 DEBUG [main] JohnKuper [CarRequests.java:157] Found car in store:
2014-10-10 16:13:50,885 DEBUG [main] JohnKuper [CarRequests.java:50] id = 2, car_mark = BMW, car_model = X3, motorpower = 250, car_color = Пурпурный
2014-10-10 16:13:50,885 DEBUG [main] JohnKuper [CarRequests.java:159] amount = 10, price = 434234.00, testDrive = false
2014-10-10 16:13:50,885 DEBUG [main] JohnKuper [CarRequests.java:157] Found car in store:
2014-10-10 16:13:50,885 DEBUG [main] JohnKuper [CarRequests.java:50] id = 3, car_mark = Toyota, car_model = Corolla, motorpower = 300, car_color = Черный
2014-10-10 16:13:50,886 DEBUG [main] JohnKuper [CarRequests.java:159] amount = 7, price = 629597.00, testDrive = false
2014-10-10 16:13:50,886 DEBUG [main] JohnKuper [CarRequests.java:157] Found car in store:
2014-10-10 16:13:50,886 DEBUG [main] JohnKuper [CarRequests.java:50] id = 4, car_mark = Lada, car_model = Granta, motorpower = 150, car_color = Синий
2014-10-10 16:13:50,886 DEBUG [main] JohnKuper [CarRequests.java:159] amount = 3, price = 643439.00, testDrive = false
2014-10-10 16:13:50,886 DEBUG [main] JohnKuper [CarRequests.java:157] Found car in store:
2014-10-10 16:13:50,887 DEBUG [main] JohnKuper [CarRequests.java:50] id = 5, car_mark = Lamborghini, car_model = Diablo SV, motorpower = 900, car_color = Металлик
2014-10-10 16:13:50,887 DEBUG [main] JohnKuper [CarRequests.java:159] amount = 2, price = 475996.00, testDrive = true
2014-10-10 16:13:50,888 DEBUG [main] JohnKuper [CustomerRequests.java:39] --- Client method 'createCustomer' was called
2014-10-10 16:13:50,922 DEBUG [main] JohnKuper [CustomerRequests.java:58] New customer was successfully create
2014-10-10 16:13:50,924 DEBUG [main] JohnKuper [MerchantRequests.java:24] --- Client method 'createMerchant' was called
2014-10-10 16:13:50,938 DEBUG [main] JohnKuper [MerchantRequests.java:33] New merchant was successfully create
